<?xml version="1.0" encoding="UTF-8"?>
<testng-results ignored="0" total="1" passed="1" failed="0" skipped="0">
  <reporter-output>
  </reporter-output>
  <suite started-at="2023-02-01T11:04:48 IST" name="Default suite" finished-at="2023-02-01T11:04:49 IST" duration-ms="1679">
    <groups>
    </groups>
    <test started-at="2023-02-01T11:04:48 IST" name="Default test" finished-at="2023-02-01T11:04:49 IST" duration-ms="1679">
      <class name="ssg123.ValidationTestNG">
        <test-method signature="sumofcourses()[pri:0, instance:ssg123.ValidationTestNG@581ac8a8]" started-at="2023-02-01T11:04:48 IST" name="sumofcourses" finished-at="2023-02-01T11:04:49 IST" duration-ms="1632" status="PASS">
          <reporter-output>
          </reporter-output>
        </test-method> <!-- sumofcourses -->
      </class> <!-- ssg123.ValidationTestNG -->
    </test> <!-- Default test -->
  </suite> <!-- Default suite -->
</testng-results>
